-------------------------------------------------------------------------------
Test set: school.sptech.iara.controller.PrestadorControllerTest
-------------------------------------------------------------------------------
Tests run: 15, Failures: 0, Errors: 2, Skipped: 0, Time elapsed: 8.527 s <<< FAILURE! - in school.sptech.iara.controller.PrestadorControllerTest
putPrestadorDeveRetornarStatus206NoBodyNada  Time elapsed: 1.313 s  <<< ERROR!
java.lang.NullPointerException: nome is marked non-null but is null
	at school.sptech.iara.controller.PrestadorControllerTest.putPrestadorDeveRetornarStatus206NoBodyNada(PrestadorControllerTest.java:369)

putPrestadorDeveRetornarStatus201NoBodyNada  Time elapsed: 0.454 s  <<< ERROR!
java.lang.NullPointerException: nome is marked non-null but is null
	at school.sptech.iara.controller.PrestadorControllerTest.putPrestadorDeveRetornarStatus201NoBodyNada(PrestadorControllerTest.java:333)

